
CS:APP Malloc Lab: Grading Sheet for mm-cider.c

Part 1: Compiling the driver

gcc -Wall -O2 -m32   -c -o mdriver.o mdriver.c
mdriver.c: In function ‘remove_range’:
mdriver.c:438:9: warning: variable ‘size’ set but not used [-Wunused-but-set-variable]
     int size;
         ^
gcc -Wall -O2 -m32   -c -o mm.o mm.c
mm.c: In function ‘mm_init’:
mm.c:122:7: warning: unused variable ‘tester’ [-Wunused-variable]
   int tester = EXHEAPSIZE/WSIZE;
       ^
mm.c: At top level:
mm.c:353:13: warning: ‘block_correct’ defined but not used [-Wunused-function]
 static void block_correct(void *ptr){
             ^
gcc -Wall -O2 -m32   -c -o memlib.o memlib.c
gcc -Wall -O2 -m32   -c -o fsecs.o fsecs.c
gcc -Wall -O2 -m32   -c -o fcyc.o fcyc.c
gcc -Wall -O2 -m32   -c -o clock.o clock.c
gcc -Wall -O2 -m32   -c -o ftimer.o ftimer.c
gcc -Wall -O2 -m32 -o mdriver mdriver.o mm.o memlib.o fsecs.o fcyc.o clock.o ftimer.o


Part 2: Running the driver with the -g autograder option

sh: line 1: 31184 Segmentation fault      (core dumped) ./mdriver -t /project/cec/class/cse361_fl14/traces/ -vg > results.txt
grade-malloclab.pl: ERROR: Unable to run driver program. The files are in /tmp/mm-cider.c.31127.
